Build started 04/10/2013 10:57:27.
     1>Project "C:\Users\Steph\Desktop\OpenGLFramework\OpenGLFramework\OpenGLFramework.vcxproj" on node 2 (build target(s)).
     1>InitializeBuildStatus:
         Touching "Debug\OpenGLFramework.unsuccessfulbuild".
       ClCompile:
         c:\Program Files (x86)\Microsoft Visual Studio 10.0\VC\bin\CL.exe /c /IC:/OpenCV/opencv/build/include/ /ZI /nologo /W3 /WX- /Od /Oy- /D WIN32 /D _DEBUG /D _WINDOWS /D _UNICODE /D UNICODE /Gm /EHsc /RTC1 /MDd /GS /fp:precise /Zc:wchar_t /Zc:forScope /Fo"Debug\\" /Fd"Debug\vc100.pdb" /Gd /TP /analyze- /errorReport:prompt main.cpp
         main.cpp
       ManifestResourceCompile:
         All outputs are up-to-date.
       Link:
         c:\Program Files (x86)\Microsoft Visual Studio 10.0\VC\bin\link.exe /ERRORREPORT:PROMPT /OUT:"C:\Users\Steph\Desktop\OpenGLFramework\Debug\OpenGLFramework.exe" /INCREMENTAL /NOLOGO /LIBPATH:C:/OpenCV/opencv/build/x86/vc10/lib /LIBPATH:C:/OpenCV/opencv/build/x86/vc10/bin OpenGL32.lib GLu32.lib odbc32.lib odbccp32.lib kernel32.lib user32.lib gdi32.lib winspool.lib comdlg32.lib advapi32.lib shell32.lib ole32.lib oleaut32.lib uuid.lib odbc32.lib odbccp32.lib kernel32.lib user32.lib gdi32.lib winspool.lib comdlg32.lib advapi32.lib shell32.lib ole32.lib oleaut32.lib uuid.lib odbc32.lib odbccp32.lib kernel32.lib user32.lib gdi32.lib winspool.lib comdlg32.lib advapi32.lib shell32.lib ole32.lib oleaut32.lib uuid.lib odbc32.lib odbccp32.lib /MANIFEST /ManifestFile:"Debug\OpenGLFramework.exe.intermediate.manifest" /MANIFESTUAC:"level='asInvoker' uiAccess='false'" /DEBUG /PDB:"C:\Users\Steph\Desktop\OpenGLFramework\Debug\OpenGLFramework.pdb" /SUBSYSTEM:WINDOWS /TLBID:1 /DYNAMICBASE /NXCOMPAT /IMPLIB:"C:\Users\Steph\Desktop\OpenGLFramework\Debug\OpenGLFramework.lib" /MACHINE:X86 Debug\OpenGLFramework.exe.embed.manifest.res
         Debug\graphicsclass.obj
         Debug\inputclass.obj
         Debug\main.obj
         Debug\openglclass.obj
         Debug\systemclass.obj
     1>main.obj : error LNK2001: unresolved external symbol "int __cdecl cv::waitKey(int)" (?waitKey@cv@@YAHH@Z)
     1>main.obj : error LNK2001: unresolved external symbol "class cv::Mat __cdecl cv::imread(class std::basic_string<char,struct std::char_traits<char>,class std::allocator<char> > const &,int)" (?imread@cv@@YA?AVMat@1@ABV?$basic_string@DU?$char_traits@D@std@@V?$allocator@D@2@@std@@H@Z)
     1>main.obj : error LNK2001: unresolved external symbol "void __cdecl cv::fastFree(void *)" (?fastFree@cv@@YAXPAX@Z)
     1>main.obj : error LNK2001: unresolved external symbol "public: void __thiscall cv::Mat::copySize(class cv::Mat const &)" (?copySize@Mat@cv@@QAEXABV12@@Z)
     1>main.obj : error LNK2001: unresolved external symbol "int __cdecl cv::_interlockedExchangeAdd(int *,int)" (?_interlockedExchangeAdd@cv@@YAHPAHH@Z)
     1>main.obj : error LNK2001: unresolved external symbol "public: void __thiscall cv::Mat::deallocate(void)" (?deallocate@Mat@cv@@QAEXXZ)
     1>C:\Users\Steph\Desktop\OpenGLFramework\Debug\OpenGLFramework.exe : fatal error LNK1120: 6 unresolved externals
     1>Done Building Project "C:\Users\Steph\Desktop\OpenGLFramework\OpenGLFramework\OpenGLFramework.vcxproj" (build target(s)) -- FAILED.

Build FAILED.

Time Elapsed 00:00:01.81
