C:\USERS\STEPH\DESKTOP\OPENGLFRAMEWORK\DEBUG\OPENGLFRAMEWORK.EXE
C:\USERS\STEPH\DESKTOP\OPENGLFRAMEWORK\DEBUG\OPENGLFRAMEWORK.ILK
C:\USERS\STEPH\DESKTOP\OPENGLFRAMEWORK\DEBUG\OPENGLFRAMEWORK.PDB
C:\Users\Steph\Desktop\OpenGLFramework\OpenGLFramework\Debug\cl.command.1.tlog
C:\Users\Steph\Desktop\OpenGLFramework\OpenGLFramework\Debug\CL.read.1.tlog
C:\Users\Steph\Desktop\OpenGLFramework\OpenGLFramework\Debug\CL.write.1.tlog
C:\USERS\STEPH\DESKTOP\OPENGLFRAMEWORK\OPENGLFRAMEWORK\DEBUG\GRAPHICSCLASS.OBJ
C:\USERS\STEPH\DESKTOP\OPENGLFRAMEWORK\OPENGLFRAMEWORK\DEBUG\INPUTCLASS.OBJ
C:\Users\Steph\Desktop\OpenGLFramework\OpenGLFramework\Debug\link.1012.read.1.tlog
C:\Users\Steph\Desktop\OpenGLFramework\OpenGLFramework\Debug\link.1012.write.1.tlog
C:\Users\Steph\Desktop\OpenGLFramework\OpenGLFramework\Debug\link.1012-cvtres.read.1.tlog
C:\Users\Steph\Desktop\OpenGLFramework\OpenGLFramework\Debug\link.1012-cvtres.write.1.tlog
C:\Users\Steph\Desktop\OpenGLFramework\OpenGLFramework\Debug\link.command.1.tlog
C:\Users\Steph\Desktop\OpenGLFramework\OpenGLFramework\Debug\link.read.1.tlog
C:\Users\Steph\Desktop\OpenGLFramework\OpenGLFramework\Debug\link.write.1.tlog
C:\Users\Steph\Desktop\OpenGLFramework\OpenGLFramework\Debug\link-cvtres.read.1.tlog
C:\Users\Steph\Desktop\OpenGLFramework\OpenGLFramework\Debug\link-cvtres.write.1.tlog
C:\USERS\STEPH\DESKTOP\OPENGLFRAMEWORK\OPENGLFRAMEWORK\DEBUG\MAIN.OBJ
C:\Users\Steph\Desktop\OpenGLFramework\OpenGLFramework\Debug\mt.command.1.tlog
C:\Users\Steph\Desktop\OpenGLFramework\OpenGLFramework\Debug\mt.read.1.tlog
C:\Users\Steph\Desktop\OpenGLFramework\OpenGLFramework\Debug\mt.write.1.tlog
C:\USERS\STEPH\DESKTOP\OPENGLFRAMEWORK\OPENGLFRAMEWORK\DEBUG\OPENGLCLASS.OBJ
C:\USERS\STEPH\DESKTOP\OPENGLFRAMEWORK\OPENGLFRAMEWORK\DEBUG\OPENGLFRAMEWORK.EXE.EMBED.MANIFEST
C:\USERS\STEPH\DESKTOP\OPENGLFRAMEWORK\OPENGLFRAMEWORK\DEBUG\OPENGLFRAMEWORK.EXE.EMBED.MANIFEST.RES
C:\USERS\STEPH\DESKTOP\OPENGLFRAMEWORK\OPENGLFRAMEWORK\DEBUG\OPENGLFRAMEWORK.EXE.INTERMEDIATE.MANIFEST
C:\Users\Steph\Desktop\OpenGLFramework\OpenGLFramework\Debug\OpenGLFramework_manifest.rc
C:\Users\Steph\Desktop\OpenGLFramework\OpenGLFramework\Debug\rc.command.1.tlog
C:\Users\Steph\Desktop\OpenGLFramework\OpenGLFramework\Debug\rc.read.1.tlog
C:\Users\Steph\Desktop\OpenGLFramework\OpenGLFramework\Debug\rc.write.1.tlog
C:\USERS\STEPH\DESKTOP\OPENGLFRAMEWORK\OPENGLFRAMEWORK\DEBUG\SYSTEMCLASS.OBJ
C:\Users\Steph\Desktop\OpenGLFramework\OpenGLFramework\Debug\vc100.idb
C:\USERS\STEPH\DESKTOP\OPENGLFRAMEWORK\OPENGLFRAMEWORK\DEBUG\VC100.PDB
